[2025-06-10 05:25:03] [SCAN] Starting comprehensive security audit...
[2025-06-10 05:25:03] [WARN] Not running as root. Some checks may be limited.
[2025-06-10 05:25:03] [SCAN] Checking system updates...
[2025-06-10 05:25:03] [SUCCESS] System is up to date
[2025-06-10 05:25:03] [SCAN] Checking firewall status...
[2025-06-10 05:25:03] [ERROR] No firewall detected
[2025-06-10 05:25:03] [INFO] Run with --fix to install UFW Firewall
[2025-06-10 05:25:03] [SCAN] Checking SSH configuration...
[2025-06-10 05:25:03] [INFO] SSH server not installed
[2025-06-10 05:25:03] [SCAN] Checking for world-writable files in /etc...
[2025-06-10 05:25:03] [SUCCESS] No world-writable files found in /etc
[2025-06-10 05:25:03] [SCAN] Checking for unusual SUID/SGID binaries...
[2025-06-10 05:25:03] [INFO] Found 1 SUID binaries
[2025-06-10 05:25:03] [SCAN] Checking kernel security parameters...
[2025-06-10 05:25:03] [WARN] ASLR is disabled
[2025-06-10 05:25:03] [WARN] TCP SYN cookies are disabled
[2025-06-10 05:25:03] [SCAN] Checking for open ports...
[2025-06-10 05:25:03] [INFO] Found 1 open ports
[2025-06-10 05:25:03] [SCAN] Checking for security tools...
[2025-06-10 05:25:03] [INFO] clamav is not installed
[2025-06-10 05:25:03] [INFO] rkhunter is not installed
[2025-06-10 05:25:03] [INFO] chkrootkit is not installed
[2025-06-10 05:25:03] [INFO] lynis is not installed
[2025-06-10 05:25:03] [INFO] fail2ban is not installed
[2025-06-10 05:25:03] [INFO] Security audit complete. Results saved to /data/data/com.termux/files/home/.lanimals/logs/fortress_20250610_052503.log
